<?xml version="1.0" encoding="UTF-8"?>
<!-- Generated by org.testng.reporters.JUnitXMLReporter -->
<testsuite ignored="0" hostname="DESKTOP-47S5PBP" failures="0" tests="7" name="Default test" time="404.251" errors="0" timestamp="2023-04-10T13:40:33 IST">
  <testcase classname="testCase.TC01" name="verifyCookiesHandle" time="0.166"/>
  <testcase classname="testCase.TC01" name="verifyGetWindowHandle" time="0.438"/>
  <testcase classname="testCase.TC01" name="verifyLoginWithValidCredential" time="21.357"/>
  <testcase classname="testCase.TC01" name="verifyMouseHover" time="0.347"/>
  <testcase classname="testCase.TC01" name="verifyScrollDown" time="0.401"/>
  <testcase classname="testCase.TC01" name="verifyScrollUp" time="0.064"/>
  <testcase classname="testCase.TC01" name="verifySearchBar" time="36.362"/>
</testsuite> <!-- Default test -->
